c:\uofc\cpsc453\asg2\a2\imagemanipulation\imagemanipulation\debug\vc141.pdb
c:\uofc\cpsc453\asg2\a2\imagemanipulation\imagemanipulation\debug\vc141.idb
c:\uofc\cpsc453\asg2\a2\imagemanipulation\imagemanipulation\debug\difference.obj
c:\uofc\cpsc453\asg2\a2\imagemanipulation\imagemanipulation\debug\diffresult.obj
c:\uofc\cpsc453\asg2\a2\imagemanipulation\imagemanipulation\debug\framebuffer.obj
c:\uofc\cpsc453\asg2\a2\imagemanipulation\imagemanipulation\debug\gol.obj
c:\uofc\cpsc453\asg2\a2\imagemanipulation\imagemanipulation\debug\image.obj
c:\uofc\cpsc453\asg2\a2\imagemanipulation\imagemanipulation\debug\main.obj
c:\uofc\cpsc453\asg2\a2\imagemanipulation\imagemanipulation\debug\opengl.obj
c:\uofc\cpsc453\asg2\a2\imagemanipulation\imagemanipulation\debug\pixel.obj
c:\uofc\cpsc453\asg2\a2\imagemanipulation\imagemanipulation\debug\presets.obj
c:\uofc\cpsc453\asg2\a2\imagemanipulation\imagemanipulation\debug\scanline.obj
c:\uofc\cpsc453\asg2\a2\imagemanipulation\imagemanipulation\debug\shaderprogram.obj
c:\uofc\cpsc453\asg2\a2\imagemanipulation\imagemanipulation\debug\shaders.obj
c:\uofc\cpsc453\asg2\a2\imagemanipulation\imagemanipulation\debug\simpletexture.obj
c:\uofc\cpsc453\asg2\a2\imagemanipulation\imagemanipulation\debug\vertexarray.obj
c:\uofc\cpsc453\asg2\a2\imagemanipulation\debug\imagemanipulation.ilk
c:\uofc\cpsc453\asg2\a2\imagemanipulation\debug\imagemanipulation.exe
c:\uofc\cpsc453\asg2\a2\imagemanipulation\debug\imagemanipulation.pdb
c:\uofc\cpsc453\asg2\a2\imagemanipulation\imagemanipulation\debug\imageman.7fac9685.tlog\cl.command.1.tlog
c:\uofc\cpsc453\asg2\a2\imagemanipulation\imagemanipulation\debug\imageman.7fac9685.tlog\cl.read.1.tlog
c:\uofc\cpsc453\asg2\a2\imagemanipulation\imagemanipulation\debug\imageman.7fac9685.tlog\cl.write.1.tlog
c:\uofc\cpsc453\asg2\a2\imagemanipulation\imagemanipulation\debug\imageman.7fac9685.tlog\link.command.1.tlog
c:\uofc\cpsc453\asg2\a2\imagemanipulation\imagemanipulation\debug\imageman.7fac9685.tlog\link.read.1.tlog
c:\uofc\cpsc453\asg2\a2\imagemanipulation\imagemanipulation\debug\imageman.7fac9685.tlog\link.write.1.tlog
